#0 building with "default" instance using docker driver

#1 [internal] load build definition from dockerfile
#1 transferring dockerfile: 669B done
#1 DONE 0.0s

#2 [internal] load metadata for docker.io/library/ubuntu:latest
#2 DONE 0.6s

#3 [internal] load .dockerignore
#3 transferring context: 2B done
#3 DONE 0.0s

#4 [ 1/11] FROM docker.io/library/ubuntu:latest@sha256:66460d557b25769b102175144d538d88219c077c678a49af4afca6fbfc1b5252
#4 DONE 0.0s

#5 [internal] load build context
#5 transferring context: 6.54kB 0.3s done
#5 DONE 0.3s

#6 [ 3/11] RUN wget https://dl.google.com/linux/direct/google-chrome-stable_current_amd64.deb
#6 CACHED

#7 [ 6/11] RUN pip3 install imagehash google-genai pydoll-python opencv-python pytesseract flask --break-system-packages
#7 CACHED

#8 [ 2/11] RUN apt-get update && apt-get install -y     python3     python3-pip     wget     pipx
#8 CACHED

#9 [ 5/11] RUN ls /usr/lib/python3
#9 CACHED

#10 [ 4/11] RUN apt-get install -y ./google-chrome-stable_current_amd64.deb
#10 CACHED

#11 [ 7/11] RUN mkdir scrapperpy
#11 CACHED

#12 [ 8/11] RUN cd scrapperpy
#12 CACHED

#13 [ 9/11] WORKDIR /scrapperpy
#13 CACHED

#14 [10/11] COPY *.py .
#14 DONE 0.1s

#15 [11/11] RUN ls /usr/bin/
#15 0.178 GET
#15 0.178 HEAD
#15 0.178 POST
#15 0.178 X11
#15 0.178 [
#15 0.178 activate-global-python-argcomplete
#15 0.178 addpart
#15 0.178 addr2line
#15 0.178 appres
#15 0.178 apt
#15 0.178 apt-cache
#15 0.178 apt-cdrom
#15 0.178 apt-config
#15 0.178 apt-get
#15 0.178 apt-key
#15 0.178 apt-mark
#15 0.178 ar
#15 0.178 arch
#15 0.178 as
#15 0.178 awk
#15 0.178 b2sum
#15 0.178 base32
#15 0.178 base64
#15 0.178 basename
#15 0.178 basenc
#15 0.178 bash
#15 0.178 bashbug
#15 0.178 broadwayd
#15 0.178 browse
#15 0.178 bunzip2
#15 0.178 busctl
#15 0.178 bzcat
#15 0.178 bzcmp
#15 0.178 bzdiff
#15 0.178 bzegrep
#15 0.178 bzexe
#15 0.178 bzfgrep
#15 0.178 bzgrep
#15 0.178 bzip2
#15 0.178 bzip2recover
#15 0.178 bzless
#15 0.178 bzmore
#15 0.178 c++
#15 0.178 c++filt
#15 0.178 c89
#15 0.178 c89-gcc
#15 0.178 c99
#15 0.178 c99-gcc
#15 0.178 c_rehash
#15 0.178 captoinfo
#15 0.178 cat
#15 0.178 cc
#15 0.178 chage
#15 0.178 chattr
#15 0.178 chcon
#15 0.178 chfn
#15 0.178 chgrp
#15 0.178 chmod
#15 0.178 choom
#15 0.178 chown
#15 0.178 chrt
#15 0.178 chsh
#15 0.178 cksum
#15 0.178 clear
#15 0.178 clear_console
#15 0.178 cmp
#15 0.178 comm
#15 0.178 corelist
#15 0.178 cp
#15 0.178 cpan
#15 0.178 cpan5.38-x86_64-linux-gnu
#15 0.178 cpp
#15 0.178 cpp-13
#15 0.178 csplit
#15 0.178 cut
#15 0.178 dash
#15 0.178 date
#15 0.178 dbus-cleanup-sockets
#15 0.178 dbus-daemon
#15 0.178 dbus-monitor
#15 0.178 dbus-run-session
#15 0.178 dbus-send
#15 0.178 dbus-update-activation-environment
#15 0.178 dbus-uuidgen
#15 0.178 dd
#15 0.178 deb-systemd-helper
#15 0.178 deb-systemd-invoke
#15 0.178 debconf
#15 0.178 debconf-apt-progress
#15 0.178 debconf-communicate
#15 0.178 debconf-copydb
#15 0.178 debconf-escape
#15 0.178 debconf-set-selections
#15 0.178 debconf-show
#15 0.178 delpart
#15 0.178 df
#15 0.178 dh_perl_openssl
#15 0.178 diff
#15 0.178 diff3
#15 0.178 dir
#15 0.178 dircolors
#15 0.178 dirmngr
#15 0.178 dirmngr-client
#15 0.178 dirname
#15 0.178 dmesg
#15 0.178 dnsdomainname
#15 0.178 domainname
#15 0.178 dpkg
#15 0.178 dpkg-architecture
#15 0.178 dpkg-buildapi
#15 0.178 dpkg-buildflags
#15 0.178 dpkg-buildpackage
#15 0.178 dpkg-buildtree
#15 0.178 dpkg-checkbuilddeps
#15 0.178 dpkg-deb
#15 0.178 dpkg-distaddfile
#15 0.178 dpkg-divert
#15 0.178 dpkg-genbuildinfo
#15 0.178 dpkg-genchanges
#15 0.178 dpkg-gencontrol
#15 0.178 dpkg-gensymbols
#15 0.178 dpkg-maintscript-helper
#15 0.178 dpkg-mergechangelogs
#15 0.178 dpkg-name
#15 0.178 dpkg-parsechangelog
#15 0.178 dpkg-query
#15 0.178 dpkg-realpath
#15 0.178 dpkg-scanpackages
#15 0.178 dpkg-scansources
#15 0.178 dpkg-shlibdeps
#15 0.178 dpkg-source
#15 0.178 dpkg-split
#15 0.178 dpkg-statoverride
#15 0.178 dpkg-trigger
#15 0.178 dpkg-vendor
#15 0.178 du
#15 0.178 dwp
#15 0.178 echo
#15 0.178 editres
#15 0.178 egrep
#15 0.178 elfedit
#15 0.178 enc2xs
#15 0.178 encguess
#15 0.178 env
#15 0.178 expand
#15 0.178 expiry
#15 0.178 expr
#15 0.178 factor
#15 0.178 faillog
#15 0.178 faked-sysv
#15 0.178 faked-tcp
#15 0.178 fakeroot
#15 0.178 fakeroot-sysv
#15 0.178 fakeroot-tcp
#15 0.178 fallocate
#15 0.178 false
#15 0.178 fc-cache
#15 0.178 fc-cat
#15 0.178 fc-conflist
#15 0.178 fc-list
#15 0.178 fc-match
#15 0.178 fc-pattern
#15 0.178 fc-query
#15 0.178 fc-scan
#15 0.178 fc-validate
#15 0.178 fgrep
#15 0.178 find
#15 0.178 findmnt
#15 0.178 flock
#15 0.178 fmt
#15 0.178 fold
#15 0.178 free
#15 0.178 g++
#15 0.178 g++-13
#15 0.178 gcc
#15 0.178 gcc-13
#15 0.178 gcc-ar
#15 0.178 gcc-ar-13
#15 0.178 gcc-nm
#15 0.178 gcc-nm-13
#15 0.178 gcc-ranlib
#15 0.178 gcc-ranlib-13
#15 0.178 gcov
#15 0.178 gcov-13
#15 0.178 gcov-dump
#15 0.178 gcov-dump-13
#15 0.178 gcov-tool
#15 0.178 gcov-tool-13
#15 0.178 gdk-pixbuf-csource
#15 0.178 gdk-pixbuf-pixdata
#15 0.178 gdk-pixbuf-thumbnailer
#15 0.178 gencat
#15 0.178 getconf
#15 0.178 getent
#15 0.178 getopt
#15 0.178 gmake
#15 0.178 gnome-www-browser
#15 0.178 gold
#15 0.178 google-chrome
#15 0.178 google-chrome-stable
#15 0.178 gp-archive
#15 0.178 gp-collect-app
#15 0.178 gp-display-html
#15 0.178 gp-display-src
#15 0.178 gp-display-text
#15 0.178 gpasswd
#15 0.178 gpg
#15 0.178 gpg-agent
#15 0.178 gpg-connect-agent
#15 0.178 gpg-wks-client
#15 0.178 gpgconf
#15 0.178 gpgparsemail
#15 0.178 gpgsm
#15 0.178 gpgsplit
#15 0.178 gpgtar
#15 0.178 gpgv
#15 0.178 gprof
#15 0.178 gprofng
#15 0.178 grep
#15 0.178 groups
#15 0.178 gtk-builder-tool
#15 0.178 gtk-encode-symbolic-svg
#15 0.178 gtk-launch
#15 0.178 gtk-query-settings
#15 0.178 gtk-update-icon-cache
#15 0.178 gunzip
#15 0.178 gzexe
#15 0.178 gzip
#15 0.178 h2ph
#15 0.178 h2xs
#15 0.178 hardlink
#15 0.178 head
#15 0.178 hostid
#15 0.178 hostname
#15 0.178 hostnamectl
#15 0.178 i386
#15 0.178 iceauth
#15 0.178 iconv
#15 0.178 id
#15 0.178 infocmp
#15 0.178 infotocap
#15 0.178 install
#15 0.178 instmodsh
#15 0.178 ionice
#15 0.178 ipcmk
#15 0.178 ipcrm
#15 0.178 ipcs
#15 0.178 ischroot
#15 0.178 join
#15 0.178 journalctl
#15 0.178 json_pp
#15 0.178 kbxutil
#15 0.178 kernel-install
#15 0.178 kill
#15 0.178 last
#15 0.178 lastb
#15 0.178 lastlog
#15 0.178 ld
#15 0.178 ld.bfd
#15 0.178 ld.gold
#15 0.178 ld.so
#15 0.178 ldd
#15 0.178 libnetcfg
#15 0.178 link
#15 0.178 linux32
#15 0.178 linux64
#15 0.178 listres
#15 0.178 ln
#15 0.178 locale
#15 0.178 locale-check
#15 0.178 localectl
#15 0.178 localedef
#15 0.178 logger
#15 0.178 login
#15 0.178 loginctl
#15 0.178 logname
#15 0.178 ls
#15 0.178 lsattr
#15 0.178 lsblk
#15 0.178 lscpu
#15 0.178 lsipc
#15 0.178 lslocks
#15 0.178 lslogins
#15 0.178 lsmem
#15 0.178 lsns
#15 0.178 lspgpot
#15 0.178 lto-dump
#15 0.178 lto-dump-13
#15 0.178 lwp-download
#15 0.178 lwp-dump
#15 0.178 lwp-mirror
#15 0.178 lwp-request
#15 0.178 lzcat
#15 0.178 lzcmp
#15 0.178 lzdiff
#15 0.178 lzegrep
#15 0.178 lzfgrep
#15 0.178 lzgrep
#15 0.178 lzless
#15 0.178 lzma
#15 0.178 lzmainfo
#15 0.178 lzmore
#15 0.178 make
#15 0.178 make-first-existing-target
#15 0.178 man
#15 0.178 mawk
#15 0.178 mcookie
#15 0.178 md5sum
#15 0.178 md5sum.textutils
#15 0.178 memusage
#15 0.178 memusagestat
#15 0.178 mesa-overlay-control.py
#15 0.178 mesg
#15 0.178 migrate-pubring-from-classic-gpg
#15 0.178 mimeopen
#15 0.178 mimetype
#15 0.178 mkdir
#15 0.178 mkfifo
#15 0.178 mknod
#15 0.178 mktemp
#15 0.178 more
#15 0.178 mount
#15 0.178 mountpoint
#15 0.178 mtrace
#15 0.178 mv
#15 0.178 namei
#15 0.178 nawk
#15 0.178 networkctl
#15 0.178 networkd-dispatcher
#15 0.178 newgrp
#15 0.178 nice
#15 0.178 nisdomainname
#15 0.178 nl
#15 0.178 nm
#15 0.178 nohup
#15 0.178 nproc
#15 0.178 nsenter
#15 0.178 numfmt
#15 0.178 objcopy
#15 0.178 objdump
#15 0.178 od
#15 0.178 open
#15 0.178 openssl
#15 0.178 pager
#15 0.178 partx
#15 0.178 passwd
#15 0.178 paste
#15 0.178 patch
#15 0.178 pathchk
#15 0.178 pdb3
#15 0.178 pdb3.12
#15 0.178 perl
#15 0.178 perl5.38-x86_64-linux-gnu
#15 0.178 perl5.38.2
#15 0.178 perlbug
#15 0.178 perldoc
#15 0.178 perlivp
#15 0.178 perlthanks
#15 0.178 pgrep
#15 0.178 piconv
#15 0.178 pidof
#15 0.178 pidwait
#15 0.178 pinentry
#15 0.178 pinentry-curses
#15 0.178 pinky
#15 0.178 pip
#15 0.178 pip3
#15 0.178 pip3.12
#15 0.178 pipx
#15 0.178 pkill
#15 0.178 pl2pm
#15 0.178 pldd
#15 0.178 pmap
#15 0.178 pod2html
#15 0.178 pod2man
#15 0.178 pod2text
#15 0.178 pod2usage
#15 0.178 podchecker
#15 0.178 pr
#15 0.178 printenv
#15 0.178 printf
#15 0.178 prlimit
#15 0.178 prove
#15 0.178 ps
#15 0.178 ptar
#15 0.178 ptardiff
#15 0.178 ptargrep
#15 0.178 ptx
#15 0.178 pwd
#15 0.178 pwdx
#15 0.178 py3clean
#15 0.178 py3compile
#15 0.178 py3versions
#15 0.178 pydoc3
#15 0.178 pydoc3.12
#15 0.178 pygettext3
#15 0.178 pygettext3.12
#15 0.178 python-argcomplete-check-easy-install-script
#15 0.178 python3
#15 0.178 python3-config
#15 0.178 python3.12
#15 0.178 python3.12-config
#15 0.178 ranlib
#15 0.178 rbash
#15 0.178 readelf
#15 0.178 readlink
#15 0.178 realpath
#15 0.178 register-python-argcomplete
#15 0.178 rename.ul
#15 0.178 renice
#15 0.178 reset
#15 0.178 resizepart
#15 0.178 resolvectl
#15 0.178 rev
#15 0.178 rgrep
#15 0.178 rm
#15 0.178 rmdir
#15 0.178 rpcgen
#15 0.178 run-parts
#15 0.178 runcon
#15 0.178 savelog
#15 0.178 script
#15 0.178 scriptlive
#15 0.178 scriptreplay
#15 0.178 sdiff
#15 0.178 sed
#15 0.178 select-editor
#15 0.178 sensible-browser
#15 0.178 sensible-editor
#15 0.178 sensible-pager
#15 0.178 sensible-terminal
#15 0.178 seq
#15 0.178 session-migration
#15 0.178 sessreg
#15 0.178 setarch
#15 0.178 setpriv
#15 0.178 setsid
#15 0.178 setterm
#15 0.178 sg
#15 0.178 sh
#15 0.178 sha1sum
#15 0.178 sha224sum
#15 0.178 sha256sum
#15 0.178 sha384sum
#15 0.178 sha512sum
#15 0.178 shasum
#15 0.178 showrgb
#15 0.178 shred
#15 0.178 shuf
#15 0.178 size
#15 0.178 skill
#15 0.178 slabtop
#15 0.178 sleep
#15 0.178 snice
#15 0.178 sort
#15 0.178 sotruss
#15 0.178 splain
#15 0.178 split
#15 0.178 sprof
#15 0.178 stat
#15 0.178 stdbuf
#15 0.178 streamzip
#15 0.178 strings
#15 0.178 strip
#15 0.178 stty
#15 0.178 su
#15 0.178 sum
#15 0.178 sync
#15 0.178 systemctl
#15 0.178 systemd
#15 0.178 systemd-ac-power
#15 0.178 systemd-analyze
#15 0.178 systemd-ask-password
#15 0.178 systemd-cat
#15 0.178 systemd-cgls
#15 0.178 systemd-cgtop
#15 0.178 systemd-confext
#15 0.178 systemd-creds
#15 0.178 systemd-cryptenroll
#15 0.178 systemd-cryptsetup
#15 0.178 systemd-delta
#15 0.178 systemd-detect-virt
#15 0.178 systemd-escape
#15 0.178 systemd-firstboot
#15 0.178 systemd-id128
#15 0.178 systemd-inhibit
#15 0.178 systemd-machine-id-setup
#15 0.178 systemd-mount
#15 0.178 systemd-notify
#15 0.178 systemd-path
#15 0.178 systemd-repart
#15 0.178 systemd-run
#15 0.178 systemd-socket-activate
#15 0.178 systemd-stdio-bridge
#15 0.178 systemd-sysext
#15 0.178 systemd-sysusers
#15 0.178 systemd-tmpfiles
#15 0.178 systemd-tty-ask-password-agent
#15 0.178 systemd-umount
#15 0.178 tabs
#15 0.178 tac
#15 0.178 tail
#15 0.178 tar
#15 0.178 taskset
#15 0.178 tee
#15 0.178 tempfile
#15 0.178 test
#15 0.178 tic
#15 0.178 timedatectl
#15 0.178 timeout
#15 0.178 tload
#15 0.178 toe
#15 0.178 top
#15 0.178 touch
#15 0.178 tput
#15 0.178 tr
#15 0.178 true
#15 0.178 truncate
#15 0.178 tset
#15 0.178 tsort
#15 0.178 tty
#15 0.178 tzselect
#15 0.178 uclampset
#15 0.178 umount
#15 0.178 uname
#15 0.178 uncompress
#15 0.178 unexpand
#15 0.178 uniq
#15 0.178 unlink
#15 0.178 unlzma
#15 0.178 unminimize
#15 0.178 unshare
#15 0.178 unxz
#15 0.178 update-alternatives
#15 0.178 update-mime-database
#15 0.178 uptime
#15 0.178 users
#15 0.178 utmpdump
#15 0.178 varlinkctl
#15 0.178 vdir
#15 0.178 viewres
#15 0.178 vmstat
#15 0.178 w
#15 0.178 wall
#15 0.178 watch
#15 0.178 watchgnupg
#15 0.178 wc
#15 0.178 wdctl
#15 0.178 wget
#15 0.178 whereis
#15 0.178 which
#15 0.178 which.debianutils
#15 0.178 who
#15 0.178 whoami
#15 0.178 x-terminal-emulator
#15 0.178 x-www-browser
#15 0.178 x86_64
#15 0.178 x86_64-linux-gnu-addr2line
#15 0.178 x86_64-linux-gnu-ar
#15 0.178 x86_64-linux-gnu-as
#15 0.178 x86_64-linux-gnu-c++filt
#15 0.178 x86_64-linux-gnu-cpp
#15 0.178 x86_64-linux-gnu-cpp-13
#15 0.178 x86_64-linux-gnu-dwp
#15 0.178 x86_64-linux-gnu-elfedit
#15 0.178 x86_64-linux-gnu-g++
#15 0.178 x86_64-linux-gnu-g++-13
#15 0.178 x86_64-linux-gnu-gcc
#15 0.178 x86_64-linux-gnu-gcc-13
#15 0.178 x86_64-linux-gnu-gcc-ar
#15 0.178 x86_64-linux-gnu-gcc-ar-13
#15 0.178 x86_64-linux-gnu-gcc-nm
#15 0.178 x86_64-linux-gnu-gcc-nm-13
#15 0.178 x86_64-linux-gnu-gcc-ranlib
#15 0.178 x86_64-linux-gnu-gcc-ranlib-13
#15 0.178 x86_64-linux-gnu-gcov
#15 0.178 x86_64-linux-gnu-gcov-13
#15 0.178 x86_64-linux-gnu-gcov-dump
#15 0.178 x86_64-linux-gnu-gcov-dump-13
#15 0.178 x86_64-linux-gnu-gcov-tool
#15 0.178 x86_64-linux-gnu-gcov-tool-13
#15 0.178 x86_64-linux-gnu-gold
#15 0.178 x86_64-linux-gnu-gp-archive
#15 0.178 x86_64-linux-gnu-gp-collect-app
#15 0.178 x86_64-linux-gnu-gp-display-html
#15 0.178 x86_64-linux-gnu-gp-display-src
#15 0.178 x86_64-linux-gnu-gp-display-text
#15 0.178 x86_64-linux-gnu-gprof
#15 0.178 x86_64-linux-gnu-gprofng
#15 0.178 x86_64-linux-gnu-ld
#15 0.178 x86_64-linux-gnu-ld.bfd
#15 0.178 x86_64-linux-gnu-ld.gold
#15 0.178 x86_64-linux-gnu-lto-dump
#15 0.178 x86_64-linux-gnu-lto-dump-13
#15 0.178 x86_64-linux-gnu-nm
#15 0.178 x86_64-linux-gnu-objcopy
#15 0.178 x86_64-linux-gnu-objdump
#15 0.178 x86_64-linux-gnu-python3-config
#15 0.178 x86_64-linux-gnu-python3.12-config
#15 0.178 x86_64-linux-gnu-ranlib
#15 0.178 x86_64-linux-gnu-readelf
#15 0.178 x86_64-linux-gnu-size
#15 0.178 x86_64-linux-gnu-strings
#15 0.178 x86_64-linux-gnu-strip
#15 0.178 xargs
#15 0.178 xcmsdb
#15 0.178 xdg-desktop-icon
#15 0.178 xdg-desktop-menu
#15 0.178 xdg-email
#15 0.178 xdg-icon-resource
#15 0.178 xdg-mime
#15 0.178 xdg-open
#15 0.178 xdg-screensaver
#15 0.178 xdg-settings
#15 0.178 xdg-user-dir
#15 0.178 xdg-user-dirs-update
#15 0.178 xdpyinfo
#15 0.178 xdriinfo
#15 0.178 xev
#15 0.178 xfd
#15 0.178 xfontsel
#15 0.178 xgamma
#15 0.178 xhost
#15 0.178 xkeystone
#15 0.178 xkill
#15 0.178 xlsatoms
#15 0.178 xlsclients
#15 0.178 xlsfonts
#15 0.178 xmessage
#15 0.178 xmodmap
#15 0.178 xprop
#15 0.178 xrandr
#15 0.178 xrdb
#15 0.178 xrefresh
#15 0.178 xset
#15 0.178 xsetmode
#15 0.178 xsetpointer
#15 0.178 xsetroot
#15 0.178 xstdcmap
#15 0.178 xsubpp
#15 0.178 xvidtune
#15 0.178 xvinfo
#15 0.178 xwininfo
#15 0.178 xz
#15 0.178 xzcat
#15 0.178 xzcmp
#15 0.178 xzdiff
#15 0.178 xzegrep
#15 0.178 xzfgrep
#15 0.178 xzgrep
#15 0.178 xzless
#15 0.178 xzmore
#15 0.178 yes
#15 0.178 ypdomainname
#15 0.178 zcat
#15 0.178 zcmp
#15 0.178 zdiff
#15 0.178 zdump
#15 0.178 zegrep
#15 0.178 zfgrep
#15 0.178 zforce
#15 0.178 zgrep
#15 0.178 zipdetails
#15 0.178 zless
#15 0.178 zmore
#15 0.178 znew
#15 0.178 zutty
#15 DONE 0.2s

#16 exporting to image
#16 exporting layers 0.0s done
#16 writing image sha256:2221620ad1cf5c40170b32236a983dd5fda39b14944a7933e7ba13f8bdd9f300 done
#16 naming to docker.io/library/scrapper done
#16 DONE 0.0s
